<?xml version="1.0" encoding="UTF-8"?>
<coverage generated="1555890418526" clover="3.2.0">
  <project timestamp="1555890418526" name="All files">
    <metrics statements="80" coveredstatements="79" conditionals="43" coveredconditionals="39" methods="12" coveredmethods="12" elements="135" coveredelements="130" complexity="0" loc="80" ncloc="80" packages="1" files="2" classes="2"/>
    <file name="lib.js" path="/Users/Ronald/Projects/simpler-mocks/src/lib.js">
      <metrics statements="49" coveredstatements="49" conditionals="30" coveredconditionals="30" methods="9" coveredmethods="9"/>
      <line num="1" count="1" type="stmt"/>
      <line num="2" count="1" type="stmt"/>
      <line num="3" count="1" type="stmt"/>
      <line num="4" count="1" type="stmt"/>
      <line num="5" count="1" type="stmt"/>
      <line num="6" count="1" type="stmt"/>
      <line num="8" count="1" type="stmt"/>
      <line num="27" count="17" type="stmt"/>
      <line num="29" count="17" type="stmt"/>
      <line num="30" count="17" type="stmt"/>
      <line num="31" count="17" type="stmt"/>
      <line num="33" count="17" type="stmt"/>
      <line num="35" count="17" type="cond" truecount="2" falsecount="0"/>
      <line num="36" count="16" type="stmt"/>
      <line num="47" count="16" type="stmt"/>
      <line num="48" count="16" type="stmt"/>
      <line num="50" count="16" type="stmt"/>
      <line num="51" count="16" type="stmt"/>
      <line num="52" count="16" type="cond" truecount="2" falsecount="0"/>
      <line num="58" count="16" type="stmt"/>
      <line num="68" count="40" type="cond" truecount="4" falsecount="0"/>
      <line num="69" count="2" type="stmt"/>
      <line num="72" count="38" type="stmt"/>
      <line num="73" count="44" type="stmt"/>
      <line num="83" count="15" type="cond" truecount="2" falsecount="0"/>
      <line num="84" count="3" type="stmt"/>
      <line num="85" count="3" type="stmt"/>
      <line num="88" count="12" type="cond" truecount="2" falsecount="0"/>
      <line num="89" count="12" type="cond" truecount="2" falsecount="0"/>
      <line num="90" count="12" type="cond" truecount="2" falsecount="0"/>
      <line num="102" count="25" type="cond" truecount="4" falsecount="0"/>
      <line num="103" count="7" type="stmt"/>
      <line num="106" count="18" type="stmt"/>
      <line num="107" count="18" type="cond" truecount="2" falsecount="0"/>
      <line num="110" count="17" type="stmt"/>
      <line num="111" count="17" type="stmt"/>
      <line num="112" count="17" type="stmt"/>
      <line num="114" count="17" type="stmt"/>
      <line num="117" count="17" type="cond" truecount="2" falsecount="0"/>
      <line num="118" count="2" type="stmt"/>
      <line num="120" count="15" type="cond" truecount="2" falsecount="0"/>
      <line num="121" count="3" type="cond" truecount="2" falsecount="0"/>
      <line num="122" count="4" type="stmt"/>
      <line num="125" count="12" type="stmt"/>
      <line num="128" count="17" type="cond" truecount="2" falsecount="0"/>
      <line num="129" count="9" type="stmt"/>
      <line num="133" count="8" type="stmt"/>
      <line num="143" count="1" type="stmt"/>
      <line num="146" count="1" type="stmt"/>
    </file>
    <file name="server.js" path="/Users/Ronald/Projects/simpler-mocks/src/server.js">
      <metrics statements="31" coveredstatements="30" conditionals="13" coveredconditionals="9" methods="3" coveredmethods="3"/>
      <line num="1" count="1" type="stmt"/>
      <line num="2" count="1" type="stmt"/>
      <line num="3" count="1" type="stmt"/>
      <line num="4" count="1" type="stmt"/>
      <line num="5" count="1" type="stmt"/>
      <line num="7" count="1" type="stmt"/>
      <line num="8" count="1" type="stmt"/>
      <line num="13" count="1" type="stmt"/>
      <line num="14" count="17" type="stmt"/>
      <line num="16" count="17" type="cond" truecount="2" falsecount="0"/>
      <line num="18" count="16" type="stmt"/>
      <line num="20" count="16" type="stmt"/>
      <line num="23" count="25" type="cond" truecount="2" falsecount="0"/>
      <line num="24" count="10" type="stmt"/>
      <line num="28" count="15" type="cond" truecount="2" falsecount="0"/>
      <line num="30" count="15" type="stmt"/>
      <line num="31" count="15" type="stmt"/>
      <line num="34" count="16" type="cond" truecount="2" falsecount="0"/>
      <line num="35" count="1" type="stmt"/>
      <line num="38" count="16" type="stmt"/>
      <line num="42" count="1" type="stmt"/>
      <line num="45" count="1" type="stmt"/>
      <line num="46" count="1" type="stmt"/>
      <line num="47" count="1" type="stmt"/>
      <line num="51" count="1" type="stmt"/>
      <line num="53" count="1" type="cond" truecount="1" falsecount="1"/>
      <line num="54" count="0" type="stmt"/>
      <line num="57" count="1" type="stmt"/>
      <line num="59" count="1" type="stmt"/>
      <line num="60" count="1" type="stmt"/>
      <line num="63" count="1" type="stmt"/>
    </file>
  </project>
</coverage>
