{"/Users/Ronald/Projects/simpler-mocks/src/lib.js": {"path":"/Users/Ronald/Projects/simpler-mocks/src/lib.js","statementMap":{"0":{"start":{"line":1,"column":11},"end":{"line":1,"column":24}},"1":{"start":{"line":2,"column":13},"end":{"line":2,"column":28}},"2":{"start":{"line":3,"column":13},"end":{"line":3,"column":31}},"3":{"start":{"line":4,"column":15},"end":{"line":4,"column":32}},"4":{"start":{"line":5,"column":16},"end":{"line":5,"column":45}},"5":{"start":{"line":6,"column":16},"end":{"line":6,"column":45}},"6":{"start":{"line":8,"column":20},"end":{"line":14,"column":1}},"7":{"start":{"line":27,"column":2},"end":{"line":27,"column":21}},"8":{"start":{"line":29,"column":14},"end":{"line":29,"column":49}},"9":{"start":{"line":30,"column":19},"end":{"line":30,"column":67}},"10":{"start":{"line":31,"column":19},"end":{"line":31,"column":62}},"11":{"start":{"line":33,"column":16},"end":{"line":33,"column":38}},"12":{"start":{"line":35,"column":2},"end":{"line":37,"column":3}},"13":{"start":{"line":36,"column":4},"end":{"line":36,"column":19}},"14":{"start":{"line":47,"column":13},"end":{"line":47,"column":15}},"15":{"start":{"line":48,"column":15},"end":{"line":48,"column":48}},"16":{"start":{"line":50,"column":2},"end":{"line":56,"column":3}},"17":{"start":{"line":51,"column":4},"end":{"line":51,"column":26}},"18":{"start":{"line":52,"column":4},"end":{"line":52,"column":46}},"19":{"start":{"line":58,"column":2},"end":{"line":58,"column":13}},"20":{"start":{"line":68,"column":2},"end":{"line":70,"column":3}},"21":{"start":{"line":69,"column":4},"end":{"line":69,"column":16}},"22":{"start":{"line":72,"column":15},"end":{"line":72,"column":41}},"23":{"start":{"line":73,"column":2},"end":{"line":73,"column":58}},"24":{"start":{"line":73,"column":39},"end":{"line":73,"column":57}},"25":{"start":{"line":83,"column":2},"end":{"line":86,"column":3}},"26":{"start":{"line":84,"column":4},"end":{"line":84,"column":19}},"27":{"start":{"line":85,"column":4},"end":{"line":85,"column":10}},"28":{"start":{"line":88,"column":2},"end":{"line":88,"column":69}},"29":{"start":{"line":88,"column":32},"end":{"line":88,"column":69}},"30":{"start":{"line":89,"column":2},"end":{"line":89,"column":67}},"31":{"start":{"line":89,"column":33},"end":{"line":89,"column":67}},"32":{"start":{"line":90,"column":2},"end":{"line":90,"column":71}},"33":{"start":{"line":90,"column":34},"end":{"line":90,"column":71}},"34":{"start":{"line":102,"column":2},"end":{"line":104,"column":3}},"35":{"start":{"line":103,"column":4},"end":{"line":103,"column":15}},"36":{"start":{"line":106,"column":21},"end":{"line":106,"column":49}},"37":{"start":{"line":107,"column":2},"end":{"line":107,"column":41}},"38":{"start":{"line":107,"column":29},"end":{"line":107,"column":41}},"39":{"start":{"line":110,"column":2},"end":{"line":131,"column":3}},"40":{"start":{"line":111,"column":22},"end":{"line":111,"column":43}},"41":{"start":{"line":112,"column":34},"end":{"line":112,"column":54}},"42":{"start":{"line":114,"column":16},"end":{"line":114,"column":20}},"43":{"start":{"line":117,"column":4},"end":{"line":126,"column":5}},"44":{"start":{"line":118,"column":6},"end":{"line":118,"column":46}},"45":{"start":{"line":120,"column":11},"end":{"line":126,"column":5}},"46":{"start":{"line":121,"column":19},"end":{"line":121,"column":69}},"47":{"start":{"line":122,"column":6},"end":{"line":122,"column":54}},"48":{"start":{"line":122,"column":34},"end":{"line":122,"column":53}},"49":{"start":{"line":125,"column":6},"end":{"line":125,"column":46}},"50":{"start":{"line":128,"column":4},"end":{"line":130,"column":5}},"51":{"start":{"line":129,"column":6},"end":{"line":129,"column":18}},"52":{"start":{"line":133,"column":2},"end":{"line":133,"column":13}},"53":{"start":{"line":143,"column":2},"end":{"line":143,"column":58}},"54":{"start":{"line":143,"column":34},"end":{"line":143,"column":57}},"55":{"start":{"line":146,"column":0},"end":{"line":153,"column":1}}},"fnMap":{"0":{"name":"getFileName","decl":{"start":{"line":24,"column":15},"end":{"line":24,"column":26}},"loc":{"start":{"line":24,"column":56},"end":{"line":38,"column":1}},"line":24},"1":{"name":"loadMockFile","decl":{"start":{"line":46,"column":9},"end":{"line":46,"column":21}},"loc":{"start":{"line":46,"column":32},"end":{"line":59,"column":1}},"line":46},"2":{"name":"mockHasSchema","decl":{"start":{"line":67,"column":9},"end":{"line":67,"column":22}},"loc":{"start":{"line":67,"column":29},"end":{"line":74,"column":1}},"line":67},"3":{"name":"(anonymous_3)","decl":{"start":{"line":73,"column":32},"end":{"line":73,"column":33}},"loc":{"start":{"line":73,"column":39},"end":{"line":73,"column":57}},"line":73},"4":{"name":"respond","decl":{"start":{"line":82,"column":9},"end":{"line":82,"column":16}},"loc":{"start":{"line":82,"column":28},"end":{"line":91,"column":1}},"line":82},"5":{"name":"requestMeetsConditions","decl":{"start":{"line":100,"column":9},"end":{"line":100,"column":31}},"loc":{"start":{"line":100,"column":43},"end":{"line":134,"column":1}},"line":100},"6":{"name":"(anonymous_6)","decl":{"start":{"line":122,"column":25},"end":{"line":122,"column":26}},"loc":{"start":{"line":122,"column":34},"end":{"line":122,"column":53}},"line":122},"7":{"name":"delay","decl":{"start":{"line":142,"column":9},"end":{"line":142,"column":14}},"loc":{"start":{"line":142,"column":19},"end":{"line":144,"column":1}},"line":142},"8":{"name":"(anonymous_8)","decl":{"start":{"line":143,"column":21},"end":{"line":143,"column":22}},"loc":{"start":{"line":143,"column":34},"end":{"line":143,"column":57}},"line":143}},"branchMap":{"0":{"loc":{"start":{"line":35,"column":2},"end":{"line":37,"column":3}},"type":"if","locations":[{"start":{"line":35,"column":2},"end":{"line":37,"column":3}},{"start":{"line":35,"column":2},"end":{"line":37,"column":3}}],"line":35},"1":{"loc":{"start":{"line":52,"column":11},"end":{"line":52,"column":46}},"type":"cond-expr","locations":[{"start":{"line":52,"column":33},"end":{"line":52,"column":37}},{"start":{"line":52,"column":40},"end":{"line":52,"column":46}}],"line":52},"2":{"loc":{"start":{"line":68,"column":2},"end":{"line":70,"column":3}},"type":"if","locations":[{"start":{"line":68,"column":2},"end":{"line":70,"column":3}},{"start":{"line":68,"column":2},"end":{"line":70,"column":3}}],"line":68},"3":{"loc":{"start":{"line":68,"column":6},"end":{"line":68,"column":53}},"type":"binary-expr","locations":[{"start":{"line":68,"column":6},"end":{"line":68,"column":25}},{"start":{"line":68,"column":29},"end":{"line":68,"column":53}}],"line":68},"4":{"loc":{"start":{"line":83,"column":2},"end":{"line":86,"column":3}},"type":"if","locations":[{"start":{"line":83,"column":2},"end":{"line":86,"column":3}},{"start":{"line":83,"column":2},"end":{"line":86,"column":3}}],"line":83},"5":{"loc":{"start":{"line":88,"column":2},"end":{"line":88,"column":69}},"type":"if","locations":[{"start":{"line":88,"column":2},"end":{"line":88,"column":69}},{"start":{"line":88,"column":2},"end":{"line":88,"column":69}}],"line":88},"6":{"loc":{"start":{"line":89,"column":2},"end":{"line":89,"column":67}},"type":"if","locations":[{"start":{"line":89,"column":2},"end":{"line":89,"column":67}},{"start":{"line":89,"column":2},"end":{"line":89,"column":67}}],"line":89},"7":{"loc":{"start":{"line":90,"column":2},"end":{"line":90,"column":71}},"type":"if","locations":[{"start":{"line":90,"column":2},"end":{"line":90,"column":71}},{"start":{"line":90,"column":2},"end":{"line":90,"column":71}}],"line":90},"8":{"loc":{"start":{"line":102,"column":2},"end":{"line":104,"column":3}},"type":"if","locations":[{"start":{"line":102,"column":2},"end":{"line":104,"column":3}},{"start":{"line":102,"column":2},"end":{"line":104,"column":3}}],"line":102},"9":{"loc":{"start":{"line":102,"column":6},"end":{"line":102,"column":72}},"type":"binary-expr","locations":[{"start":{"line":102,"column":6},"end":{"line":102,"column":26}},{"start":{"line":102,"column":30},"end":{"line":102,"column":72}}],"line":102},"10":{"loc":{"start":{"line":107,"column":2},"end":{"line":107,"column":41}},"type":"if","locations":[{"start":{"line":107,"column":2},"end":{"line":107,"column":41}},{"start":{"line":107,"column":2},"end":{"line":107,"column":41}}],"line":107},"11":{"loc":{"start":{"line":117,"column":4},"end":{"line":126,"column":5}},"type":"if","locations":[{"start":{"line":117,"column":4},"end":{"line":126,"column":5}},{"start":{"line":117,"column":4},"end":{"line":126,"column":5}}],"line":117},"12":{"loc":{"start":{"line":120,"column":11},"end":{"line":126,"column":5}},"type":"if","locations":[{"start":{"line":120,"column":11},"end":{"line":126,"column":5}},{"start":{"line":120,"column":11},"end":{"line":126,"column":5}}],"line":120},"13":{"loc":{"start":{"line":121,"column":19},"end":{"line":121,"column":69}},"type":"cond-expr","locations":[{"start":{"line":121,"column":46},"end":{"line":121,"column":55}},{"start":{"line":121,"column":58},"end":{"line":121,"column":69}}],"line":121},"14":{"loc":{"start":{"line":128,"column":4},"end":{"line":130,"column":5}},"type":"if","locations":[{"start":{"line":128,"column":4},"end":{"line":130,"column":5}},{"start":{"line":128,"column":4},"end":{"line":130,"column":5}}],"line":128}},"s":{"0":1,"1":1,"2":1,"3":1,"4":1,"5":1,"6":1,"7":17,"8":17,"9":17,"10":17,"11":17,"12":17,"13":16,"14":16,"15":16,"16":16,"17":16,"18":16,"19":16,"20":40,"21":2,"22":38,"23":38,"24":44,"25":15,"26":3,"27":3,"28":12,"29":5,"30":12,"31":1,"32":12,"33":8,"34":25,"35":7,"36":18,"37":18,"38":1,"39":17,"40":17,"41":17,"42":17,"43":17,"44":2,"45":15,"46":3,"47":3,"48":4,"49":12,"50":17,"51":9,"52":8,"53":1,"54":1,"55":1},"f":{"0":17,"1":16,"2":40,"3":44,"4":15,"5":25,"6":4,"7":1,"8":1},"b":{"0":[16,1],"1":[10,6],"2":[2,38],"3":[40,40],"4":[3,12],"5":[5,7],"6":[1,11],"7":[8,4],"8":[7,18],"9":[25,22],"10":[1,17],"11":[2,15],"12":[3,12],"13":[1,2],"14":[9,8]},"_coverageSchema":"43e27e138ebf9cfc5966b082cf9a028302ed4184","hash":"979af3c2d422a7440d11b89bd2265837ff39749a"}
,"/Users/Ronald/Projects/simpler-mocks/src/server.js": {"path":"/Users/Ronald/Projects/simpler-mocks/src/server.js","statementMap":{"0":{"start":{"line":1,"column":12},"end":{"line":1,"column":26}},"1":{"start":{"line":2,"column":15},"end":{"line":2,"column":36}},"2":{"start":{"line":3,"column":15},"end":{"line":3,"column":36}},"3":{"start":{"line":4,"column":19},"end":{"line":4,"column":44}},"4":{"start":{"line":5,"column":32},"end":{"line":5,"column":48}},"5":{"start":{"line":7,"column":12},"end":{"line":7,"column":21}},"6":{"start":{"line":8,"column":15},"end":{"line":8,"column":27}},"7":{"start":{"line":13,"column":0},"end":{"line":43,"column":2}},"8":{"start":{"line":14,"column":19},"end":{"line":14,"column":78}},"9":{"start":{"line":16,"column":2},"end":{"line":39,"column":3}},"10":{"start":{"line":18,"column":18},"end":{"line":18,"column":44}},"11":{"start":{"line":20,"column":4},"end":{"line":32,"column":6}},"12":{"start":{"line":23,"column":6},"end":{"line":25,"column":7}},"13":{"start":{"line":24,"column":8},"end":{"line":24,"column":20}},"14":{"start":{"line":28,"column":6},"end":{"line":28,"column":42}},"15":{"start":{"line":30,"column":6},"end":{"line":30,"column":28}},"16":{"start":{"line":31,"column":6},"end":{"line":31,"column":17}},"17":{"start":{"line":34,"column":4},"end":{"line":36,"column":5}},"18":{"start":{"line":35,"column":6},"end":{"line":35,"column":28}},"19":{"start":{"line":38,"column":4},"end":{"line":38,"column":10}},"20":{"start":{"line":42,"column":2},"end":{"line":42,"column":14}},"21":{"start":{"line":45,"column":0},"end":{"line":45,"column":21}},"22":{"start":{"line":46,"column":0},"end":{"line":46,"column":24}},"23":{"start":{"line":47,"column":0},"end":{"line":47,"column":32}},"24":{"start":{"line":51,"column":2},"end":{"line":51,"column":28}},"25":{"start":{"line":53,"column":2},"end":{"line":55,"column":3}},"26":{"start":{"line":54,"column":4},"end":{"line":54,"column":21}},"27":{"start":{"line":57,"column":18},"end":{"line":57,"column":34}},"28":{"start":{"line":59,"column":2},"end":{"line":59,"column":85}},"29":{"start":{"line":60,"column":2},"end":{"line":60,"column":16}},"30":{"start":{"line":63,"column":0},"end":{"line":63,"column":23}}},"fnMap":{"0":{"name":"(anonymous_0)","decl":{"start":{"line":13,"column":16},"end":{"line":13,"column":17}},"loc":{"start":{"line":13,"column":37},"end":{"line":43,"column":1}},"line":13},"1":{"name":"(anonymous_1)","decl":{"start":{"line":20,"column":15},"end":{"line":20,"column":16}},"loc":{"start":{"line":20,"column":25},"end":{"line":32,"column":5}},"line":20},"2":{"name":"server","decl":{"start":{"line":50,"column":9},"end":{"line":50,"column":15}},"loc":{"start":{"line":50,"column":60},"end":{"line":61,"column":1}},"line":50}},"branchMap":{"0":{"loc":{"start":{"line":16,"column":2},"end":{"line":39,"column":3}},"type":"if","locations":[{"start":{"line":16,"column":2},"end":{"line":39,"column":3}},{"start":{"line":16,"column":2},"end":{"line":39,"column":3}}],"line":16},"1":{"loc":{"start":{"line":23,"column":6},"end":{"line":25,"column":7}},"type":"if","locations":[{"start":{"line":23,"column":6},"end":{"line":25,"column":7}},{"start":{"line":23,"column":6},"end":{"line":25,"column":7}}],"line":23},"2":{"loc":{"start":{"line":28,"column":14},"end":{"line":28,"column":42}},"type":"binary-expr","locations":[{"start":{"line":28,"column":14},"end":{"line":28,"column":37}},{"start":{"line":28,"column":41},"end":{"line":28,"column":42}}],"line":28},"3":{"loc":{"start":{"line":34,"column":4},"end":{"line":36,"column":5}},"type":"if","locations":[{"start":{"line":34,"column":4},"end":{"line":36,"column":5}},{"start":{"line":34,"column":4},"end":{"line":36,"column":5}}],"line":34},"4":{"loc":{"start":{"line":50,"column":16},"end":{"line":50,"column":32}},"type":"default-arg","locations":[{"start":{"line":50,"column":28},"end":{"line":50,"column":32}}],"line":50},"5":{"loc":{"start":{"line":50,"column":34},"end":{"line":50,"column":42}},"type":"default-arg","locations":[{"start":{"line":50,"column":41},"end":{"line":50,"column":42}}],"line":50},"6":{"loc":{"start":{"line":50,"column":44},"end":{"line":50,"column":58}},"type":"default-arg","locations":[{"start":{"line":50,"column":53},"end":{"line":50,"column":58}}],"line":50},"7":{"loc":{"start":{"line":53,"column":2},"end":{"line":55,"column":3}},"type":"if","locations":[{"start":{"line":53,"column":2},"end":{"line":55,"column":3}},{"start":{"line":53,"column":2},"end":{"line":55,"column":3}}],"line":53}},"s":{"0":1,"1":1,"2":1,"3":1,"4":1,"5":1,"6":1,"7":1,"8":17,"9":17,"10":16,"11":16,"12":25,"13":10,"14":15,"15":15,"16":15,"17":16,"18":1,"19":16,"20":1,"21":1,"22":1,"23":1,"24":1,"25":1,"26":0,"27":1,"28":1,"29":1,"30":1},"f":{"0":17,"1":25,"2":1},"b":{"0":[16,1],"1":[10,15],"2":[15,14],"3":[1,15],"4":[0],"5":[0],"6":[0],"7":[0,1]},"_coverageSchema":"43e27e138ebf9cfc5966b082cf9a028302ed4184","hash":"3ddfbe0cb2f875b91db5ebd4795b06b7f455b5bf"}
}
