TN:
SF:/Users/Ronald/Projects/simpler-mocks/src/lib.js
FN:24,getFileName
FN:46,loadMockFile
FN:67,mockHasSchema
FN:73,(anonymous_3)
FN:82,respond
FN:100,requestMeetsConditions
FN:122,(anonymous_6)
FN:142,delay
FN:143,(anonymous_8)
FNF:9
FNH:9
FNDA:17,getFileName
FNDA:16,loadMockFile
FNDA:40,mockHasSchema
FNDA:44,(anonymous_3)
FNDA:15,respond
FNDA:25,requestMeetsConditions
FNDA:4,(anonymous_6)
FNDA:1,delay
FNDA:1,(anonymous_8)
DA:1,1
DA:2,1
DA:3,1
DA:4,1
DA:5,1
DA:6,1
DA:8,1
DA:27,17
DA:29,17
DA:30,17
DA:31,17
DA:33,17
DA:35,17
DA:36,16
DA:47,16
DA:48,16
DA:50,16
DA:51,16
DA:52,16
DA:58,16
DA:68,40
DA:69,2
DA:72,38
DA:73,44
DA:83,15
DA:84,3
DA:85,3
DA:88,12
DA:89,12
DA:90,12
DA:102,25
DA:103,7
DA:106,18
DA:107,18
DA:110,17
DA:111,17
DA:112,17
DA:114,17
DA:117,17
DA:118,2
DA:120,15
DA:121,3
DA:122,4
DA:125,12
DA:128,17
DA:129,9
DA:133,8
DA:143,1
DA:146,1
LF:49
LH:49
BRDA:35,0,0,16
BRDA:35,0,1,1
BRDA:52,1,0,10
BRDA:52,1,1,6
BRDA:68,2,0,2
BRDA:68,2,1,38
BRDA:68,3,0,40
BRDA:68,3,1,40
BRDA:83,4,0,3
BRDA:83,4,1,12
BRDA:88,5,0,5
BRDA:88,5,1,7
BRDA:89,6,0,1
BRDA:89,6,1,11
BRDA:90,7,0,8
BRDA:90,7,1,4
BRDA:102,8,0,7
BRDA:102,8,1,18
BRDA:102,9,0,25
BRDA:102,9,1,22
BRDA:107,10,0,1
BRDA:107,10,1,17
BRDA:117,11,0,2
BRDA:117,11,1,15
BRDA:120,12,0,3
BRDA:120,12,1,12
BRDA:121,13,0,1
BRDA:121,13,1,2
BRDA:128,14,0,9
BRDA:128,14,1,8
BRF:30
BRH:30
end_of_record
TN:
SF:/Users/Ronald/Projects/simpler-mocks/src/server.js
FN:13,(anonymous_0)
FN:20,(anonymous_1)
FN:50,server
FNF:3
FNH:3
FNDA:17,(anonymous_0)
FNDA:25,(anonymous_1)
FNDA:1,server
DA:1,1
DA:2,1
DA:3,1
DA:4,1
DA:5,1
DA:7,1
DA:8,1
DA:13,1
DA:14,17
DA:16,17
DA:18,16
DA:20,16
DA:23,25
DA:24,10
DA:28,15
DA:30,15
DA:31,15
DA:34,16
DA:35,1
DA:38,16
DA:42,1
DA:45,1
DA:46,1
DA:47,1
DA:51,1
DA:53,1
DA:54,0
DA:57,1
DA:59,1
DA:60,1
DA:63,1
LF:31
LH:30
BRDA:16,0,0,16
BRDA:16,0,1,1
BRDA:23,1,0,10
BRDA:23,1,1,15
BRDA:28,2,0,15
BRDA:28,2,1,14
BRDA:34,3,0,1
BRDA:34,3,1,15
BRDA:50,4,0,0
BRDA:50,5,0,0
BRDA:50,6,0,0
BRDA:53,7,0,0
BRDA:53,7,1,1
BRF:13
BRH:9
end_of_record
